C51 COMPILER V8.02   ADC                                                                   12/09/2015 06:46:47 PAGE 1   


C51 COMPILER V8.02, COMPILATION OF MODULE ADC
OBJECT MODULE PLACED IN .\adc.obj
COMPILER INVOKED BY: C:\Keil\C51\BIN\C51.EXE ..\..\ADC\adc.c BROWSE DEBUG OBJECTEXTEND PRINT(.\adc.lst) OBJECT(.\adc.obj
                    -)

line level    source

   1          /*---------------------------------------------------------------------*/
   2          /* --- STC MCU Limited ------------------------------------------------*/
   3          /* --- STC15F4K60S4 系列 AD转换中断方式举例----------------------------*/
   4          /* --- Mobile: (86)13922805190 ----------------------------------------*/
   5          /* --- Fax: 86-0513-55012956,55012947,55012969 ------------------------*/
   6          /* --- Tel: 86-0513-55012928,55012929,55012966-------------------------*/
   7          /* --- Web: www.STCMCU.com --------------------------------------------*/
   8          /* --- Web: www.GXWMCU.com --------------------------------------------*/
   9          /* 如果要在程序中使用此代码,请在程序中注明使用了STC的资料及程序        */
  10          /* 如果要在文章中应用此代码,请在文章中注明使用了STC的资料及程序        */
  11          /*---------------------------------------------------------------------*/
  12          
  13          //本示例在Keil开发环境下请选择Intel的8058芯片型号进行编译
  14          //若无特别说明,工作频率一般为11.0592MHz
  15          
  16          
  17          #include "STC15.H"
  18          #include "intrins.h"
  19          #include "adc.h"
*** ERROR C141 IN LINE 11 OF ..\..\ADC\ADC.H: syntax error near 'n', expected ')'
  20          
  21          /*----------------------------
  22          读取ADC结果
  23          ----------------------------*/
  24          // BYTE GetADCResult(BYTE ch)
  25          // {
  26              // ADC_CONTR = ADC_POWER | ADC_SPEEDLL | ch | ADC_START;
  27              // _nop_();                        //等待4个NOP
  28              // _nop_();
  29              // _nop_();
  30              // _nop_();
  31              // while (!(ADC_CONTR & ADC_FLAG));//等待ADC转换完成
  32              // ADC_CONTR &= ~ADC_FLAG;         //Close ADC
  33          
  34              // return ADC_RES;                 //返回ADC结果
  35          // }
  36          
  37          /*----------------------------
  38          初始化ADC
  39          ----------------------------*/
  40          void InitADC()
  41          {
  42   1          P1ASF = 0xff;                   //设置P1口为AD口
  43   1          ADC_RES = 0;                    //清除结果寄存器
  44   1          ADC_CONTR = ADC_POWER | ADC_SPEEDLL;
  45   1          Delay(2);                       //ADC上电并延时
  46   1      }
  47          
  48          void Delay(WORD n)
*** ERROR C141 IN LINE 48 OF ..\..\ADC\ADC.C: syntax error near 'n', expected ')'
  49          {
  50   1          WORD x;
*** ERROR C141 IN LINE 50 OF ..\..\ADC\ADC.C: syntax error near 'x'
*** ERROR C202 IN LINE 50 OF ..\..\ADC\ADC.C: 'x': undefined identifier
C51 COMPILER V8.02   ADC                                                                   12/09/2015 06:46:47 PAGE 2   

  51   1      
  52   1          while (n--)
*** ERROR C202 IN LINE 52 OF ..\..\ADC\ADC.C: 'n': undefined identifier
  53   1          {
  54   2              x = 5000;
*** ERROR C202 IN LINE 54 OF ..\..\ADC\ADC.C: 'x': undefined identifier
  55   2              while (x--);
*** ERROR C202 IN LINE 55 OF ..\..\ADC\ADC.C: 'x': undefined identifier
  56   2          }
  57   1      }

C51 COMPILATION COMPLETE.  0 WARNING(S),  7 ERROR(S)
