C51 COMPILER V8.02   MAIN                                                                  12/09/2015 14:04:59 PAGE 1   


C51 COMPILER V8.02, COMPILATION OF MODULE MAIN
OBJECT MODULE PLACED IN .\main.obj
COMPILER INVOKED BY: C:\Keil\C51\BIN\C51.EXE ..\src\main.c BROWSE DEBUG OBJECTEXTEND PRINT(.\main.lst) OBJECT(.\main.obj
                    -)

line level    source

   1          /*---------------------------------------------------------------------*/
   2          /* --- STC MCU Limited ------------------------------------------------*/
   3          /* --- STC15F4K60S4 系列 定时器2用作串口1的波特率发生器举例------------*/
   4          /* --- Mobile: (86)13922805190 ----------------------------------------*/
   5          /* --- Fax: 86-0513-55012956,55012947,55012969 ------------------------*/
   6          /* --- Tel: 86-0513-55012928,55012929,55012966-------------------------*/
   7          /* --- Web: www.STCMCU.com --------------------------------------------*/
   8          /* --- Web: www.GXWMCU.com --------------------------------------------*/
   9          /* 如果要在程序中使用此代码,请在程序中注明使用了STC的资料及程序        */
  10          /* 如果要在文章中应用此代码,请在文章中注明使用了STC的资料及程序        */
  11          /*---------------------------------------------------------------------*/
  12          
  13          //本示例在Keil开发环境下请选择Intel的8058芯片型号进行编译
  14          //若无特别说明,工作频率一般为11.0592MHz
  15          
  16          
  17          #include "sys.h"
  18          #include "main.h"
  19          
  20          #include <stc15.h>
  21          #include <intrins.h>
  22          
  23          #include "../../serial/serial.h"
  24          #include "../../adc/adc.h"
  25          
  26          
  27          void main()
  28          {
  29   1              serial_init ();
  30   1              InitADC();
  31   1          
  32   1          while(1) {
  33   2                      //if(RI) {
  34   2                      //      ACC = SBUF ;
  35   2                      //      RI = 0 ;
  36   2                      //}
  37   2                      
  38   2                      //serial_SendData( GetADCResult(0x04));
  39   2                      
  40   2              }
  41   1      }
  42          
  43          
  44          


MODULE INFORMATION:   STATIC OVERLAYABLE
   CODE SIZE        =      8    ----
   CONSTANT SIZE    =   ----    ----
   XDATA SIZE       =   ----    ----
   PDATA SIZE       =   ----    ----
   DATA SIZE        =   ----    ----
   IDATA SIZE       =   ----    ----
   BIT SIZE         =   ----    ----
C51 COMPILER V8.02   MAIN                                                                  12/09/2015 14:04:59 PAGE 2   

END OF MODULE INFORMATION.


C51 COMPILATION COMPLETE.  0 WARNING(S),  0 ERROR(S)
